0 verbose cli /usr/local/bin/node /usr/local/bin/npm
1 info using npm@9.4.0
2 info using node@v19.6.1
3 timing npm:load:whichnode Completed in 2ms
4 timing config:load:defaults Completed in 3ms
5 timing config:load:file:/usr/local/lib/node_modules/npm/npmrc Completed in 1ms
6 timing config:load:builtin Completed in 1ms
7 timing config:load:cli Completed in 7ms
8 timing config:load:env Completed in 1ms
9 timing config:load:file:/usr/src/app/.npmrc Completed in 1ms
10 timing config:load:project Completed in 4ms
11 timing config:load:file:/root/.npmrc Completed in 7ms
12 timing config:load:user Completed in 8ms
13 timing config:load:file:/usr/local/etc/npmrc Completed in 0ms
14 timing config:load:global Completed in 0ms
15 timing config:load:setEnvs Completed in 2ms
16 timing config:load Completed in 32ms
17 timing npm:load:configload Completed in 32ms
18 timing npm:load:mkdirpcache Completed in 20ms
19 timing npm:load:mkdirplogs Completed in 28ms
20 verbose title npm run debug-docker
21 verbose argv "run" "debug-docker"
22 timing npm:load:setTitle Completed in 3ms
23 timing config:load:flatten Completed in 12ms
24 timing npm:load:display Completed in 14ms
25 verbose logfile logs-max:10 dir:/usr/src/app/.npm/_logs/2023-12-01T01_34_01_552Z-
26 verbose logfile /usr/src/app/.npm/_logs/2023-12-01T01_34_01_552Z-debug-0.log
27 timing npm:load:logFile Completed in 53ms
28 timing npm:load:timers Completed in 0ms
29 timing npm:load:configScope Completed in 0ms
30 timing npm:load Completed in 155ms
31 silly logfile done cleaning log files
32 http fetch GET 200 https://registry.npmjs.org/npm 596ms (cache miss)
